Turns & holes/plate for dividing head with worm gear ratio = 40:1

Available hole plates =
15, 16, 17, 18, 19, 20, 21, 23, 27, 29, 31, 33, 37, 39, 41, 43, 47, 49, 

2 => 20 & 0 
3 => 13 & 5/15 or 6/18 or 7/21 or 9/27 or 11/33 or 13/39
4 => 10 & 0 
5 => 8 & 0 
6 => 6 & 10/15 or 12/18 or 14/21 or 18/27 or 22/33 or 26/39
7 => 5 & 15/21 or 35/49
8 => 5 & 0 
9 => 4 & 8/18 or 12/27
10 => 4 & 0 
11 => 3 & 21/33
12 => 3 & 5/15 or 6/18 or 7/21 or 9/27 or 11/33 or 13/39
13 => 3 & 3/39
14 => 2 & 18/21 or 42/49
15 => 2 & 10/15 or 12/18 or 14/21 or 18/27 or 22/33 or 26/39
16 => 2 & 8/16 or 9/18 or 10/20
17 => 2 & 6/17
18 => 2 & 4/18 or 6/27
19 => 2 & 2/19
20 => 2 & 0 
21 => 1 & 19/21
22 => 1 & 27/33
23 => 1 & 17/23
24 => 1 & 10/15 or 12/18 or 14/21 or 18/27 or 22/33 or 26/39
25 => 1 & 9/15 or 12/20
26 => 1 & 21/39
27 => 1 & 13/27
28 => 1 & 9/21 or 21/49
29 => 1 & 11/29
30 => 1 & 5/15 or 6/18 or 7/21 or 9/27 or 11/33 or 13/39
31 => 1 & 9/31
32 => 1 & 4/16 or 5/20
33 => 1 & 7/33
34 => 1 & 3/17
35 => 1 & 3/21 or 7/49
36 => 1 & 2/18 or 3/27
37 => 1 & 3/37
38 => 1 & 1/19
39 => 1 & 1/39
40 => 1 & 0 
41 => 0 & 40/41
42 => 0 & 20/21
43 => 0 & 40/43
44 => 0 & 30/33
45 => 0 & 16/18 or 24/27
46 => 0 & 20/23
47 => 0 & 40/47
48 => 0 & 15/18
49 => 0 & 40/49
50 => 0 & 12/15 or 16/20
